0 info it worked if it ends with ok
1 verbose cli [ 'C:\\Program Files (x86)\\nodejs\\node.exe',
1 verbose cli   'C:\\Users\\Lucas\\AppData\\Roaming\\npm\\node_modules\\npm\\bin\\npm-cli.js',
1 verbose cli   'install',
1 verbose cli   'd3',
1 verbose cli   '--save-dev' ]
2 info using npm@3.9.2
3 info using node@v4.4.0
4 silly loadCurrentTree Starting
5 silly install loadCurrentTree
6 silly install readLocalPackageData
7 silly fetchPackageMetaData d3
8 silly fetchNamedPackageData d3
9 silly mapToRegistry name d3
10 silly mapToRegistry using default registry
11 silly mapToRegistry registry https://registry.npmjs.org/
12 silly mapToRegistry data Result {
12 silly mapToRegistry   raw: 'd3',
12 silly mapToRegistry   scope: null,
12 silly mapToRegistry   name: 'd3',
12 silly mapToRegistry   rawSpec: '',
12 silly mapToRegistry   spec: 'latest',
12 silly mapToRegistry   type: 'tag' }
13 silly mapToRegistry uri https://registry.npmjs.org/d3
14 verbose request uri https://registry.npmjs.org/d3
15 verbose request no auth needed
16 info attempt registry request try #1 at 9:11:41 PM
17 verbose request id 5628798da741b63d
18 verbose etag "5MDG9R8VW92OS6QN8PI4SRKF1"
19 http request GET https://registry.npmjs.org/d3
20 http 200 https://registry.npmjs.org/d3
21 verbose headers { server: 'CouchDB/1.5.0 (Erlang OTP/R16B03)',
21 verbose headers   etag: '"775O75280LBC99L5J4XME6FCC"',
21 verbose headers   'content-type': 'application/json',
21 verbose headers   'content-encoding': 'gzip',
21 verbose headers   'cache-control': 'max-age=300',
21 verbose headers   'content-length': '25492',
21 verbose headers   'accept-ranges': 'bytes',
21 verbose headers   date: 'Mon, 13 Jun 2016 19:11:41 GMT',
21 verbose headers   via: '1.1 varnish',
21 verbose headers   age: '16',
21 verbose headers   connection: 'keep-alive',
21 verbose headers   'x-served-by': 'cache-ams4142-AMS',
21 verbose headers   'x-cache': 'HIT',
21 verbose headers   'x-cache-hits': '1',
21 verbose headers   'x-timer': 'S1465845101.300170,VS0,VE0',
21 verbose headers   vary: 'Accept-Encoding' }
22 silly get cb [ 200,
22 silly get   { server: 'CouchDB/1.5.0 (Erlang OTP/R16B03)',
22 silly get     etag: '"775O75280LBC99L5J4XME6FCC"',
22 silly get     'content-type': 'application/json',
22 silly get     'content-encoding': 'gzip',
22 silly get     'cache-control': 'max-age=300',
22 silly get     'content-length': '25492',
22 silly get     'accept-ranges': 'bytes',
22 silly get     date: 'Mon, 13 Jun 2016 19:11:41 GMT',
22 silly get     via: '1.1 varnish',
22 silly get     age: '16',
22 silly get     connection: 'keep-alive',
22 silly get     'x-served-by': 'cache-ams4142-AMS',
22 silly get     'x-cache': 'HIT',
22 silly get     'x-cache-hits': '1',
22 silly get     'x-timer': 'S1465845101.300170,VS0,VE0',
22 silly get     vary: 'Accept-Encoding' } ]
23 verbose get saving d3 to C:\Users\Lucas\AppData\Roaming\npm-cache\registry.npmjs.org\d3\.cache.json
24 verbose correctMkdir C:\Users\Lucas\AppData\Roaming\npm-cache correctMkdir not in flight; initializing
25 silly install normalizeTree
26 silly loadCurrentTree Finishing
27 silly loadIdealTree Starting
28 silly install loadIdealTree
29 silly cloneCurrentTree Starting
30 silly install cloneCurrentTreeToIdealTree
31 silly cloneCurrentTree Finishing
32 silly loadShrinkwrap Starting
33 silly install loadShrinkwrap
34 silly loadShrinkwrap Finishing
35 silly loadAllDepsIntoIdealTree Starting
36 silly install loadAllDepsIntoIdealTree
37 silly resolveWithNewModule d3@3.5.17 checking installable status
38 silly cache add args [ 'd3', null ]
39 verbose cache add spec d3
40 silly cache add parsed spec Result {
40 silly cache add   raw: 'd3',
40 silly cache add   scope: null,
40 silly cache add   name: 'd3',
40 silly cache add   rawSpec: '',
40 silly cache add   spec: 'latest',
40 silly cache add   type: 'tag' }
41 silly addNamed d3@latest
42 verbose addNamed "latest" is being treated as a dist-tag for d3
43 info addNameTag [ 'd3', 'latest' ]
44 silly mapToRegistry name d3
45 silly mapToRegistry using default registry
46 silly mapToRegistry registry https://registry.npmjs.org/
47 silly mapToRegistry data Result {
47 silly mapToRegistry   raw: 'd3',
47 silly mapToRegistry   scope: null,
47 silly mapToRegistry   name: 'd3',
47 silly mapToRegistry   rawSpec: '',
47 silly mapToRegistry   spec: 'latest',
47 silly mapToRegistry   type: 'tag' }
48 silly mapToRegistry uri https://registry.npmjs.org/d3
49 verbose addNameTag registry:https://registry.npmjs.org/d3 not in flight; fetching
50 verbose get https://registry.npmjs.org/d3 not expired, no request
51 silly addNameTag next cb for d3 with tag latest
52 silly addNamed d3@3.5.17
53 verbose addNamed "3.5.17" is a plain semver version for d3
54 silly mapToRegistry name d3
55 silly mapToRegistry using default registry
56 silly mapToRegistry registry https://registry.npmjs.org/
57 silly mapToRegistry data Result {
57 silly mapToRegistry   raw: 'd3',
57 silly mapToRegistry   scope: null,
57 silly mapToRegistry   name: 'd3',
57 silly mapToRegistry   rawSpec: '',
57 silly mapToRegistry   spec: 'latest',
57 silly mapToRegistry   type: 'tag' }
58 silly mapToRegistry uri https://registry.npmjs.org/d3
59 verbose addRemoteTarball https://registry.npmjs.org/d3/-/d3-3.5.17.tgz not in flight; adding
60 verbose addRemoteTarball [ 'https://registry.npmjs.org/d3/-/d3-3.5.17.tgz',
60 verbose addRemoteTarball   'bc46748004378b21a360c9fc7cf5231790762fb8' ]
61 info retry fetch attempt 1 at 9:11:43 PM
62 info attempt registry request try #1 at 9:11:43 PM
63 http fetch GET https://registry.npmjs.org/d3/-/d3-3.5.17.tgz
64 http fetch 200 https://registry.npmjs.org/d3/-/d3-3.5.17.tgz
65 silly fetchAndShaCheck shasum bc46748004378b21a360c9fc7cf5231790762fb8
66 verbose addTmpTarball C:\Users\Lucas\AppData\Local\Temp\npm-11912-a2c0c318\registry.npmjs.org\d3\-\d3-3.5.17.tgz not in flight; adding
67 verbose addTmpTarball already have metadata; skipping unpack for d3@3.5.17
68 verbose correctMkdir C:\Users\Lucas\AppData\Roaming\npm-cache correctMkdir not in flight; initializing
69 silly cache afterAdd d3@3.5.17
70 verbose afterAdd C:\Users\Lucas\AppData\Roaming\npm-cache\d3\3.5.17\package\package.json not in flight; writing
71 verbose correctMkdir C:\Users\Lucas\AppData\Roaming\npm-cache correctMkdir not in flight; initializing
72 verbose afterAdd C:\Users\Lucas\AppData\Roaming\npm-cache\d3\3.5.17\package\package.json written
73 silly fetchNamedPackageData fsevents
74 silly mapToRegistry name fsevents
75 silly mapToRegistry using default registry
76 silly mapToRegistry registry https://registry.npmjs.org/
77 silly mapToRegistry data Result {
77 silly mapToRegistry   raw: 'fsevents',
77 silly mapToRegistry   scope: null,
77 silly mapToRegistry   name: 'fsevents',
77 silly mapToRegistry   rawSpec: '',
77 silly mapToRegistry   spec: 'latest',
77 silly mapToRegistry   type: 'tag' }
78 silly mapToRegistry uri https://registry.npmjs.org/fsevents
79 verbose request uri https://registry.npmjs.org/fsevents
80 verbose request no auth needed
81 info attempt registry request try #1 at 9:11:44 PM
82 verbose etag "6WG2IHJ3R1KBCEVEQH5157IQJ"
83 http request GET https://registry.npmjs.org/fsevents
84 http 304 https://registry.npmjs.org/fsevents
85 verbose headers { date: 'Mon, 13 Jun 2016 19:11:43 GMT',
85 verbose headers   via: '1.1 varnish',
85 verbose headers   'cache-control': 'max-age=300',
85 verbose headers   etag: '"6WG2IHJ3R1KBCEVEQH5157IQJ"',
85 verbose headers   age: '187',
85 verbose headers   connection: 'keep-alive',
85 verbose headers   'x-served-by': 'cache-ams4129-AMS',
85 verbose headers   'x-cache': 'HIT',
85 verbose headers   'x-cache-hits': '3',
85 verbose headers   'x-timer': 'S1465845103.666261,VS0,VE0',
85 verbose headers   vary: 'Accept-Encoding' }
86 silly get cb [ 304,
86 silly get   { date: 'Mon, 13 Jun 2016 19:11:43 GMT',
86 silly get     via: '1.1 varnish',
86 silly get     'cache-control': 'max-age=300',
86 silly get     etag: '"6WG2IHJ3R1KBCEVEQH5157IQJ"',
86 silly get     age: '187',
86 silly get     connection: 'keep-alive',
86 silly get     'x-served-by': 'cache-ams4129-AMS',
86 silly get     'x-cache': 'HIT',
86 silly get     'x-cache-hits': '3',
86 silly get     'x-timer': 'S1465845103.666261,VS0,VE0',
86 silly get     vary: 'Accept-Encoding' } ]
87 verbose etag https://registry.npmjs.org/fsevents from cache
88 verbose get saving fsevents to C:\Users\Lucas\AppData\Roaming\npm-cache\registry.npmjs.org\fsevents\.cache.json
89 verbose correctMkdir C:\Users\Lucas\AppData\Roaming\npm-cache correctMkdir not in flight; initializing
90 silly resolveWithNewModule fsevents@0.3.0 checking installable status
91 silly loadAllDepsIntoIdealTree Finishing
92 silly idealTree:prePrune my-project-name@0.1.0
92 silly idealTree:prePrune +-- amdefine@1.0.0
92 silly idealTree:prePrune +-- angular-animate@1.5.6
92 silly idealTree:prePrune +-- angular-sanitize@1.5.5
92 silly idealTree:prePrune +-- angular-smart-table@2.1.8
92 silly idealTree:prePrune +-- angular-ui-bootstrap@1.3.3
92 silly idealTree:prePrune +-- angular-ui-grid@3.1.1
92 silly idealTree:prePrune | `-- angular@1.4.10
92 silly idealTree:prePrune +-- angular-ui-router@0.3.0
92 silly idealTree:prePrune +-- angular@1.5.5
92 silly idealTree:prePrune +-- async@0.9.0
92 silly idealTree:prePrune +-- bootstrap-markdown@2.10.0
92 silly idealTree:prePrune +-- bootstrap-sass@3.3.6
92 silly idealTree:prePrune +-- bootstrap@3.3.6
92 silly idealTree:prePrune +-- camelcase@1.2.1
92 silly idealTree:prePrune +-- chokidar@0.9.0
92 silly idealTree:prePrune +-- d3@3.5.17
92 silly idealTree:prePrune +-- decamelize@1.2.0
92 silly idealTree:prePrune +-- font-awesome@4.6.3
92 silly idealTree:prePrune +-- foreachasync@3.0.0
92 silly idealTree:prePrune +-- jquery@2.2.4
92 silly idealTree:prePrune +-- jszip@2.3.0
92 silly idealTree:prePrune +-- minimist@0.0.8
92 silly idealTree:prePrune +-- mkdirp@0.5.0
92 silly idealTree:prePrune +-- ng-file-upload@12.0.4
92 silly idealTree:prePrune +-- ng-toast@2.0.0
92 silly idealTree:prePrune +-- optimist@0.6.1
92 silly idealTree:prePrune +-- pako@0.2.8
92 silly idealTree:prePrune +-- recursive-readdir@0.0.2
92 silly idealTree:prePrune +-- source-map@0.1.34
92 silly idealTree:prePrune +-- uglify-js@2.4.24
92 silly idealTree:prePrune | `-- async@0.2.10
92 silly idealTree:prePrune +-- uglify-to-browserify@1.0.2
92 silly idealTree:prePrune +-- walk@2.3.3
92 silly idealTree:prePrune +-- window-size@0.1.0
92 silly idealTree:prePrune +-- wordwrap@0.0.3
92 silly idealTree:prePrune `-- yargs@3.5.4
92 silly idealTree:prePrune   `-- wordwrap@0.0.2
93 silly loadIdealTree Finishing
94 silly currentTree my-project-name@0.1.0
94 silly currentTree +-- amdefine@1.0.0
94 silly currentTree +-- angular-animate@1.5.6
94 silly currentTree +-- angular-sanitize@1.5.5
94 silly currentTree +-- angular-smart-table@2.1.8
94 silly currentTree +-- angular-ui-bootstrap@1.3.3
94 silly currentTree +-- angular-ui-grid@3.1.1
94 silly currentTree | `-- angular@1.4.10
94 silly currentTree +-- angular-ui-router@0.3.0
94 silly currentTree +-- angular@1.5.5
94 silly currentTree +-- async@0.9.0
94 silly currentTree +-- bootstrap-markdown@2.10.0
94 silly currentTree +-- bootstrap-sass@3.3.6
94 silly currentTree +-- bootstrap@3.3.6
94 silly currentTree +-- camelcase@1.2.1
94 silly currentTree +-- chokidar@0.9.0
94 silly currentTree +-- decamelize@1.2.0
94 silly currentTree +-- font-awesome@4.6.3
94 silly currentTree +-- foreachasync@3.0.0
94 silly currentTree +-- jquery@2.2.4
94 silly currentTree +-- jszip@2.3.0
94 silly currentTree +-- minimist@0.0.8
94 silly currentTree +-- mkdirp@0.5.0
94 silly currentTree +-- ng-file-upload@12.0.4
94 silly currentTree +-- ng-toast@2.0.0
94 silly currentTree +-- optimist@0.6.1
94 silly currentTree +-- pako@0.2.8
94 silly currentTree +-- recursive-readdir@0.0.2
94 silly currentTree +-- source-map@0.1.34
94 silly currentTree +-- uglify-js@2.4.24
94 silly currentTree | `-- async@0.2.10
94 silly currentTree +-- uglify-to-browserify@1.0.2
94 silly currentTree +-- walk@2.3.3
94 silly currentTree +-- window-size@0.1.0
94 silly currentTree +-- wordwrap@0.0.3
94 silly currentTree `-- yargs@3.5.4
94 silly currentTree   `-- wordwrap@0.0.2
95 silly idealTree my-project-name@0.1.0
95 silly idealTree +-- amdefine@1.0.0
95 silly idealTree +-- angular-animate@1.5.6
95 silly idealTree +-- angular-sanitize@1.5.5
95 silly idealTree +-- angular-smart-table@2.1.8
95 silly idealTree +-- angular-ui-bootstrap@1.3.3
95 silly idealTree +-- angular-ui-grid@3.1.1
95 silly idealTree | `-- angular@1.4.10
95 silly idealTree +-- angular-ui-router@0.3.0
95 silly idealTree +-- angular@1.5.5
95 silly idealTree +-- async@0.9.0
95 silly idealTree +-- bootstrap-markdown@2.10.0
95 silly idealTree +-- bootstrap-sass@3.3.6
95 silly idealTree +-- bootstrap@3.3.6
95 silly idealTree +-- camelcase@1.2.1
95 silly idealTree +-- chokidar@0.9.0
95 silly idealTree +-- d3@3.5.17
95 silly idealTree +-- decamelize@1.2.0
95 silly idealTree +-- font-awesome@4.6.3
95 silly idealTree +-- foreachasync@3.0.0
95 silly idealTree +-- jquery@2.2.4
95 silly idealTree +-- jszip@2.3.0
95 silly idealTree +-- minimist@0.0.8
95 silly idealTree +-- mkdirp@0.5.0
95 silly idealTree +-- ng-file-upload@12.0.4
95 silly idealTree +-- ng-toast@2.0.0
95 silly idealTree +-- optimist@0.6.1
95 silly idealTree +-- pako@0.2.8
95 silly idealTree +-- recursive-readdir@0.0.2
95 silly idealTree +-- source-map@0.1.34
95 silly idealTree +-- uglify-js@2.4.24
95 silly idealTree | `-- async@0.2.10
95 silly idealTree +-- uglify-to-browserify@1.0.2
95 silly idealTree +-- walk@2.3.3
95 silly idealTree +-- window-size@0.1.0
95 silly idealTree +-- wordwrap@0.0.3
95 silly idealTree `-- yargs@3.5.4
95 silly idealTree   `-- wordwrap@0.0.2
96 silly generateActionsToTake Starting
97 silly install generateActionsToTake
98 silly generateActionsToTake Finishing
99 silly diffTrees action count 2
100 silly diffTrees add d3@3.5.17
101 silly diffTrees update jquery@2.2.4
102 silly decomposeActions action count 16
103 silly decomposeActions fetch d3@3.5.17
104 silly decomposeActions extract d3@3.5.17
105 silly decomposeActions test d3@3.5.17
106 silly decomposeActions preinstall d3@3.5.17
107 silly decomposeActions build d3@3.5.17
108 silly decomposeActions install d3@3.5.17
109 silly decomposeActions postinstall d3@3.5.17
110 silly decomposeActions finalize d3@3.5.17
111 silly decomposeActions fetch jquery@2.2.4
112 silly decomposeActions extract jquery@2.2.4
113 silly decomposeActions test jquery@2.2.4
114 silly decomposeActions preinstall jquery@2.2.4
115 silly decomposeActions build jquery@2.2.4
116 silly decomposeActions install jquery@2.2.4
117 silly decomposeActions postinstall jquery@2.2.4
118 silly decomposeActions finalize jquery@2.2.4
119 silly executeActions Starting
120 silly install executeActions
121 silly doSerial global-install 0
122 silly doParallel fetch 2
123 verbose correctMkdir C:\Users\Lucas\AppData\Roaming\npm-cache\_locks correctMkdir not in flight; initializing
124 verbose lock using C:\Users\Lucas\AppData\Roaming\npm-cache\_locks\staging-3fb9527c4f101366.lock for C:\xampp\htdocs\devwe\architecture\prototype3\app\node_modules\.staging
125 silly doParallel extract 2
126 silly extract d3@3.5.17
127 silly extract jquery@2.2.4
128 verbose unbuild node_modules\.staging\d3-b8362a6f
129 silly gentlyRm C:\xampp\htdocs\devwe\architecture\prototype3\app\node_modules\.staging\d3-b8362a6f is being purged from base C:\xampp\htdocs\devwe\architecture\prototype3\app
130 verbose gentlyRm don't care about contents; nuking C:\xampp\htdocs\devwe\architecture\prototype3\app\node_modules\.staging\d3-b8362a6f
131 verbose tar unpack C:\Users\Lucas\AppData\Roaming\npm-cache\d3\3.5.17\package.tgz
132 verbose tar unpacking to C:\xampp\htdocs\devwe\architecture\prototype3\app\node_modules\.staging\d3-b8362a6f
133 silly gentlyRm C:\xampp\htdocs\devwe\architecture\prototype3\app\node_modules\.staging\d3-b8362a6f is being purged
134 verbose gentlyRm don't care about contents; nuking C:\xampp\htdocs\devwe\architecture\prototype3\app\node_modules\.staging\d3-b8362a6f
135 silly gunzTarPerm modes [ '777', '666' ]
136 silly gunzTarPerm extractEntry package.json
137 silly gunzTarPerm modified mode [ 'package.json', 420, 438 ]
138 verbose unbuild node_modules\.staging\jquery-b1313098
139 silly gunzTarPerm extractEntry .npmignore
140 silly gunzTarPerm modified mode [ '.npmignore', 420, 438 ]
141 silly gunzTarPerm extractEntry README.md
142 silly gunzTarPerm modified mode [ 'README.md', 420, 438 ]
143 silly gentlyRm C:\xampp\htdocs\devwe\architecture\prototype3\app\node_modules\.staging\jquery-b1313098 is being purged from base C:\xampp\htdocs\devwe\architecture\prototype3\app
144 verbose gentlyRm don't care about contents; nuking C:\xampp\htdocs\devwe\architecture\prototype3\app\node_modules\.staging\jquery-b1313098
145 verbose tar unpack C:\Users\Lucas\AppData\Roaming\npm-cache\jquery\2.2.4\package.tgz
146 verbose tar unpacking to C:\xampp\htdocs\devwe\architecture\prototype3\app\node_modules\.staging\jquery-b1313098
147 silly gentlyRm C:\xampp\htdocs\devwe\architecture\prototype3\app\node_modules\.staging\jquery-b1313098 is being purged
148 verbose gentlyRm don't care about contents; nuking C:\xampp\htdocs\devwe\architecture\prototype3\app\node_modules\.staging\jquery-b1313098
149 silly gunzTarPerm modes [ '777', '666' ]
150 silly gunzTarPerm extractEntry LICENSE
151 silly gunzTarPerm modified mode [ 'LICENSE', 420, 438 ]
152 silly gunzTarPerm extractEntry d3.js
153 silly gunzTarPerm modified mode [ 'd3.js', 420, 438 ]
154 silly gunzTarPerm extractEntry d3.min.js
155 silly gunzTarPerm modified mode [ 'd3.min.js', 420, 438 ]
156 silly gunzTarPerm extractEntry package.json
157 silly gunzTarPerm modified mode [ 'package.json', 420, 438 ]
158 silly gunzTarPerm extractEntry README.md
159 silly gunzTarPerm modified mode [ 'README.md', 420, 438 ]
160 silly gunzTarPerm extractEntry AUTHORS.txt
161 silly gunzTarPerm modified mode [ 'AUTHORS.txt', 420, 438 ]
162 silly gunzTarPerm extractEntry package.js
163 silly gunzTarPerm modified mode [ 'package.js', 420, 438 ]
164 silly gunzTarPerm extractEntry bin/meteor
165 silly gunzTarPerm modified mode [ 'bin/meteor', 493, 511 ]
166 silly gunzTarPerm extractEntry bin/start
167 silly gunzTarPerm modified mode [ 'bin/start', 493, 511 ]
168 silly gunzTarPerm extractEntry bin/uglify
169 silly gunzTarPerm modified mode [ 'bin/uglify', 493, 511 ]
170 silly gunzTarPerm extractEntry LICENSE.txt
171 silly gunzTarPerm modified mode [ 'LICENSE.txt', 420, 438 ]
172 silly gunzTarPerm extractEntry composer.json
173 silly gunzTarPerm modified mode [ 'composer.json', 420, 438 ]
174 silly gunzTarPerm extractEntry .gitattributes
175 silly gunzTarPerm modified mode [ '.gitattributes', 420, 438 ]
176 silly gunzTarPerm extractEntry CONTRIBUTING.md
177 silly gunzTarPerm modified mode [ 'CONTRIBUTING.md', 420, 438 ]
178 silly gunzTarPerm extractEntry src/d3.js
179 silly gunzTarPerm modified mode [ 'src/d3.js', 420, 438 ]
180 silly gunzTarPerm extractEntry src/end.js
181 silly gunzTarPerm modified mode [ 'src/end.js', 420, 438 ]
182 silly gunzTarPerm extractEntry src/start.js
183 silly gunzTarPerm modified mode [ 'src/start.js', 420, 438 ]
184 silly gunzTarPerm extractEntry src/geom/clip-line.js
185 silly gunzTarPerm modified mode [ 'src/geom/clip-line.js', 420, 438 ]
186 silly gunzTarPerm extractEntry src/geom/delaunay.js
187 silly gunzTarPerm modified mode [ 'src/geom/delaunay.js', 420, 438 ]
188 silly gunzTarPerm extractEntry src/geom/geom.js
189 silly gunzTarPerm modified mode [ 'src/geom/geom.js', 420, 438 ]
190 silly gunzTarPerm extractEntry src/geom/hull.js
191 silly gunzTarPerm modified mode [ 'src/geom/hull.js', 420, 438 ]
192 silly gunzTarPerm extractEntry bower.json
193 silly gunzTarPerm modified mode [ 'bower.json', 420, 438 ]
194 silly gunzTarPerm extractEntry dist/jquery.js
195 silly gunzTarPerm modified mode [ 'dist/jquery.js', 420, 438 ]
196 silly gunzTarPerm extractEntry src/geom/index.js
197 silly gunzTarPerm modified mode [ 'src/geom/index.js', 420, 438 ]
198 silly gunzTarPerm extractEntry src/geom/point.js
199 silly gunzTarPerm modified mode [ 'src/geom/point.js', 420, 438 ]
200 silly gunzTarPerm extractEntry src/geom/polygon.js
201 silly gunzTarPerm modified mode [ 'src/geom/polygon.js', 420, 438 ]
202 silly gunzTarPerm extractEntry src/geom/quadtree.js
203 silly gunzTarPerm modified mode [ 'src/geom/quadtree.js', 420, 438 ]
204 silly gunzTarPerm extractEntry src/geom/voronoi.js
205 silly gunzTarPerm modified mode [ 'src/geom/voronoi.js', 420, 438 ]
206 silly gunzTarPerm extractEntry src/geom/voronoi/beach.js
207 silly gunzTarPerm modified mode [ 'src/geom/voronoi/beach.js', 420, 438 ]
208 silly gunzTarPerm extractEntry src/geom/voronoi/cell.js
209 silly gunzTarPerm modified mode [ 'src/geom/voronoi/cell.js', 420, 438 ]
210 silly gunzTarPerm extractEntry src/geom/voronoi/circle.js
211 silly gunzTarPerm modified mode [ 'src/geom/voronoi/circle.js', 420, 438 ]
212 silly gunzTarPerm extractEntry src/geom/voronoi/clip.js
213 silly gunzTarPerm modified mode [ 'src/geom/voronoi/clip.js', 420, 438 ]
214 silly gunzTarPerm extractEntry dist/jquery.min.js
215 silly gunzTarPerm modified mode [ 'dist/jquery.min.js', 420, 438 ]
216 silly gunzTarPerm extractEntry src/geom/voronoi/edge.js
217 silly gunzTarPerm modified mode [ 'src/geom/voronoi/edge.js', 420, 438 ]
218 silly gunzTarPerm extractEntry src/geom/voronoi/index.js
219 silly gunzTarPerm modified mode [ 'src/geom/voronoi/index.js', 420, 438 ]
220 silly gunzTarPerm extractEntry src/geom/voronoi/red-black.js
221 silly gunzTarPerm modified mode [ 'src/geom/voronoi/red-black.js', 420, 438 ]
222 silly gunzTarPerm extractEntry src/core/array.js
223 silly gunzTarPerm modified mode [ 'src/core/array.js', 420, 438 ]
224 silly gunzTarPerm extractEntry src/core/identity.js
225 silly gunzTarPerm modified mode [ 'src/core/identity.js', 420, 438 ]
226 silly gunzTarPerm extractEntry src/core/index.js
227 silly gunzTarPerm modified mode [ 'src/core/index.js', 420, 438 ]
228 silly gunzTarPerm extractEntry src/core/noop.js
229 silly gunzTarPerm modified mode [ 'src/core/noop.js', 420, 438 ]
230 silly gunzTarPerm extractEntry dist/jquery.min.map
231 silly gunzTarPerm modified mode [ 'dist/jquery.min.map', 420, 438 ]
232 silly gunzTarPerm extractEntry external/sizzle/LICENSE.txt
233 silly gunzTarPerm modified mode [ 'external/sizzle/LICENSE.txt', 420, 438 ]
234 silly gunzTarPerm extractEntry src/core/functor.js
235 silly gunzTarPerm modified mode [ 'src/core/functor.js', 420, 438 ]
236 silly gunzTarPerm extractEntry src/core/rebind.js
237 silly gunzTarPerm modified mode [ 'src/core/rebind.js', 420, 438 ]
238 silly gunzTarPerm extractEntry src/core/source.js
239 silly gunzTarPerm modified mode [ 'src/core/source.js', 420, 438 ]
240 silly gunzTarPerm extractEntry src/core/subclass.js
241 silly gunzTarPerm modified mode [ 'src/core/subclass.js', 420, 438 ]
242 silly gunzTarPerm extractEntry src/core/target.js
243 silly gunzTarPerm modified mode [ 'src/core/target.js', 420, 438 ]
244 silly gunzTarPerm extractEntry src/core/true.js
245 silly gunzTarPerm modified mode [ 'src/core/true.js', 420, 438 ]
246 silly gunzTarPerm extractEntry src/core/document.js
247 silly gunzTarPerm modified mode [ 'src/core/document.js', 420, 438 ]
248 silly gunzTarPerm extractEntry external/sizzle/dist/sizzle.js
249 silly gunzTarPerm modified mode [ 'external/sizzle/dist/sizzle.js', 420, 438 ]
250 silly gunzTarPerm extractEntry external/sizzle/dist/sizzle.min.js
251 silly gunzTarPerm modified mode [ 'external/sizzle/dist/sizzle.min.js', 420, 438 ]
252 silly gunzTarPerm extractEntry external/sizzle/dist/sizzle.min.map
253 silly gunzTarPerm modified mode [ 'external/sizzle/dist/sizzle.min.map', 420, 438 ]
254 silly gunzTarPerm extractEntry src/wrap.js
255 silly gunzTarPerm modified mode [ 'src/wrap.js', 420, 438 ]
256 silly gunzTarPerm extractEntry src/selector.js
257 silly gunzTarPerm modified mode [ 'src/selector.js', 420, 438 ]
258 silly gunzTarPerm extractEntry src/css.js
259 silly gunzTarPerm modified mode [ 'src/css.js', 420, 438 ]
260 silly gunzTarPerm extractEntry src/selector-sizzle.js
261 silly gunzTarPerm modified mode [ 'src/selector-sizzle.js', 420, 438 ]
262 silly gunzTarPerm extractEntry src/data.js
263 silly gunzTarPerm modified mode [ 'src/data.js', 420, 438 ]
264 silly gunzTarPerm extractEntry src/core.js
265 silly gunzTarPerm modified mode [ 'src/core.js', 420, 438 ]
266 silly gunzTarPerm extractEntry src/deprecated.js
267 silly gunzTarPerm modified mode [ 'src/deprecated.js', 420, 438 ]
268 silly gunzTarPerm extractEntry src/dimensions.js
269 silly gunzTarPerm modified mode [ 'src/dimensions.js', 420, 438 ]
270 silly gunzTarPerm extractEntry src/selector-native.js
271 silly gunzTarPerm modified mode [ 'src/selector-native.js', 420, 438 ]
272 silly gunzTarPerm extractEntry src/effects.js
273 silly gunzTarPerm modified mode [ 'src/effects.js', 420, 438 ]
274 silly gunzTarPerm extractEntry src/core/vendor.js
275 silly gunzTarPerm modified mode [ 'src/core/vendor.js', 420, 438 ]
276 silly gunzTarPerm extractEntry src/core/class.js
277 silly gunzTarPerm modified mode [ 'src/core/class.js', 420, 438 ]
278 silly gunzTarPerm extractEntry src/queue.js
279 silly gunzTarPerm modified mode [ 'src/queue.js', 420, 438 ]
280 silly gunzTarPerm extractEntry src/serialize.js
281 silly gunzTarPerm modified mode [ 'src/serialize.js', 420, 438 ]
282 silly gunzTarPerm extractEntry src/outro.js
283 silly gunzTarPerm modified mode [ 'src/outro.js', 420, 438 ]
284 silly gunzTarPerm extractEntry src/callbacks.js
285 silly gunzTarPerm modified mode [ 'src/callbacks.js', 420, 438 ]
286 silly gunzTarPerm extractEntry src/core/zero.js
287 silly gunzTarPerm modified mode [ 'src/core/zero.js', 420, 438 ]
288 silly gunzTarPerm extractEntry src/core/ns.js
289 silly gunzTarPerm modified mode [ 'src/core/ns.js', 420, 438 ]
290 silly gunzTarPerm extractEntry src/offset.js
291 silly gunzTarPerm modified mode [ 'src/offset.js', 420, 438 ]
292 silly gunzTarPerm extractEntry src/attributes.js
293 silly gunzTarPerm modified mode [ 'src/attributes.js', 420, 438 ]
294 silly gunzTarPerm extractEntry src/intro.js
295 silly gunzTarPerm modified mode [ 'src/intro.js', 420, 438 ]
296 silly gunzTarPerm extractEntry src/arrays/ascending.js
297 silly gunzTarPerm modified mode [ 'src/arrays/ascending.js', 420, 438 ]
298 silly gunzTarPerm extractEntry src/arrays/max.js
299 silly gunzTarPerm modified mode [ 'src/arrays/max.js', 420, 438 ]
300 silly gunzTarPerm extractEntry src/traversing.js
301 silly gunzTarPerm modified mode [ 'src/traversing.js', 420, 438 ]
302 silly gunzTarPerm extractEntry src/jquery.js
303 silly gunzTarPerm modified mode [ 'src/jquery.js', 420, 438 ]
304 silly gunzTarPerm extractEntry src/ajax.js
305 silly gunzTarPerm modified mode [ 'src/ajax.js', 420, 438 ]
306 silly gunzTarPerm extractEntry src/manipulation.js
307 silly gunzTarPerm modified mode [ 'src/manipulation.js', 420, 438 ]
308 silly gunzTarPerm extractEntry src/deferred.js
309 silly gunzTarPerm modified mode [ 'src/deferred.js', 420, 438 ]
310 silly gunzTarPerm extractEntry src/arrays/mean.js
311 silly gunzTarPerm modified mode [ 'src/arrays/mean.js', 420, 438 ]
312 silly gunzTarPerm extractEntry src/arrays/median.js
313 silly gunzTarPerm modified mode [ 'src/arrays/median.js', 420, 438 ]
314 silly gunzTarPerm extractEntry src/event.js
315 silly gunzTarPerm modified mode [ 'src/event.js', 420, 438 ]
316 silly gunzTarPerm extractEntry src/data/Data.js
317 silly gunzTarPerm modified mode [ 'src/data/Data.js', 420, 438 ]
318 silly gunzTarPerm extractEntry src/data/var/acceptData.js
319 silly gunzTarPerm modified mode [ 'src/data/var/acceptData.js', 420, 438 ]
320 silly gunzTarPerm extractEntry src/data/var/dataPriv.js
321 silly gunzTarPerm modified mode [ 'src/data/var/dataPriv.js', 420, 438 ]
322 silly gunzTarPerm extractEntry src/data/var/dataUser.js
323 silly gunzTarPerm modified mode [ 'src/data/var/dataUser.js', 420, 438 ]
324 silly gunzTarPerm extractEntry src/manipulation/_evalUrl.js
325 silly gunzTarPerm modified mode [ 'src/manipulation/_evalUrl.js', 420, 438 ]
326 silly gunzTarPerm extractEntry src/arrays/merge.js
327 silly gunzTarPerm modified mode [ 'src/arrays/merge.js', 420, 438 ]
328 silly gunzTarPerm extractEntry src/arrays/map.js
329 silly gunzTarPerm modified mode [ 'src/arrays/map.js', 420, 438 ]
330 silly gunzTarPerm extractEntry src/manipulation/buildFragment.js
331 silly gunzTarPerm modified mode [ 'src/manipulation/buildFragment.js', 420, 438 ]
332 silly gunzTarPerm extractEntry src/manipulation/getAll.js
333 silly gunzTarPerm modified mode [ 'src/manipulation/getAll.js', 420, 438 ]
334 silly gunzTarPerm extractEntry src/manipulation/setGlobalEval.js
335 silly gunzTarPerm modified mode [ 'src/manipulation/setGlobalEval.js', 420, 438 ]
336 silly gunzTarPerm extractEntry src/arrays/nest.js
337 silly gunzTarPerm modified mode [ 'src/arrays/nest.js', 420, 438 ]
338 silly gunzTarPerm extractEntry src/arrays/pairs.js
339 silly gunzTarPerm modified mode [ 'src/arrays/pairs.js', 420, 438 ]
340 silly gunzTarPerm extractEntry src/manipulation/support.js
341 silly gunzTarPerm modified mode [ 'src/manipulation/support.js', 420, 438 ]
342 silly gunzTarPerm extractEntry src/arrays/permute.js
343 silly gunzTarPerm modified mode [ 'src/arrays/permute.js', 420, 438 ]
344 silly gunzTarPerm extractEntry src/arrays/quantile.js
345 silly gunzTarPerm modified mode [ 'src/arrays/quantile.js', 420, 438 ]
346 silly gunzTarPerm extractEntry src/manipulation/wrapMap.js
347 silly gunzTarPerm modified mode [ 'src/manipulation/wrapMap.js', 420, 438 ]
348 silly gunzTarPerm extractEntry src/manipulation/var/rcheckableType.js
349 silly gunzTarPerm modified mode [ 'src/manipulation/var/rcheckableType.js', 420, 438 ]
350 silly gunzTarPerm extractEntry src/arrays/range.js
351 silly gunzTarPerm modified mode [ 'src/arrays/range.js', 420, 438 ]
352 silly gunzTarPerm extractEntry src/arrays/keys.js
353 silly gunzTarPerm modified mode [ 'src/arrays/keys.js', 420, 438 ]
354 silly gunzTarPerm extractEntry src/arrays/set.js
355 silly gunzTarPerm modified mode [ 'src/arrays/set.js', 420, 438 ]
356 silly gunzTarPerm extractEntry src/arrays/index.js
357 silly gunzTarPerm modified mode [ 'src/arrays/index.js', 420, 438 ]
358 silly gunzTarPerm extractEntry src/manipulation/var/rscriptType.js
359 silly gunzTarPerm modified mode [ 'src/manipulation/var/rscriptType.js', 420, 438 ]
360 silly gunzTarPerm extractEntry src/manipulation/var/rtagName.js
361 silly gunzTarPerm modified mode [ 'src/manipulation/var/rtagName.js', 420, 438 ]
362 silly gunzTarPerm extractEntry src/ajax/jsonp.js
363 silly gunzTarPerm modified mode [ 'src/ajax/jsonp.js', 420, 438 ]
364 silly gunzTarPerm extractEntry src/arrays/shuffle.js
365 silly gunzTarPerm modified mode [ 'src/arrays/shuffle.js', 420, 438 ]
366 silly gunzTarPerm extractEntry src/arrays/extent.js
367 silly gunzTarPerm modified mode [ 'src/arrays/extent.js', 420, 438 ]
368 silly gunzTarPerm extractEntry src/ajax/load.js
369 silly gunzTarPerm modified mode [ 'src/ajax/load.js', 420, 438 ]
370 silly gunzTarPerm extractEntry src/ajax/parseJSON.js
371 silly gunzTarPerm modified mode [ 'src/ajax/parseJSON.js', 420, 438 ]
372 silly gunzTarPerm extractEntry src/ajax/parseXML.js
373 silly gunzTarPerm modified mode [ 'src/ajax/parseXML.js', 420, 438 ]
374 silly gunzTarPerm extractEntry src/arrays/sum.js
375 silly gunzTarPerm modified mode [ 'src/arrays/sum.js', 420, 438 ]
376 silly gunzTarPerm extractEntry src/arrays/entries.js
377 silly gunzTarPerm modified mode [ 'src/arrays/entries.js', 420, 438 ]
378 silly gunzTarPerm extractEntry src/ajax/script.js
379 silly gunzTarPerm modified mode [ 'src/ajax/script.js', 420, 438 ]
380 silly gunzTarPerm extractEntry src/ajax/xhr.js
381 silly gunzTarPerm modified mode [ 'src/ajax/xhr.js', 420, 438 ]
382 silly gunzTarPerm extractEntry src/ajax/var/location.js
383 silly gunzTarPerm modified mode [ 'src/ajax/var/location.js', 420, 438 ]
384 silly gunzTarPerm extractEntry src/ajax/var/nonce.js
385 silly gunzTarPerm modified mode [ 'src/ajax/var/nonce.js', 420, 438 ]
386 silly gunzTarPerm extractEntry src/arrays/transpose.js
387 silly gunzTarPerm modified mode [ 'src/arrays/transpose.js', 420, 438 ]
388 silly gunzTarPerm extractEntry src/arrays/deviation.js
389 silly gunzTarPerm modified mode [ 'src/arrays/deviation.js', 420, 438 ]
390 silly gunzTarPerm extractEntry src/arrays/values.js
391 silly gunzTarPerm modified mode [ 'src/arrays/values.js', 420, 438 ]
392 silly gunzTarPerm extractEntry src/arrays/descending.js
393 silly gunzTarPerm modified mode [ 'src/arrays/descending.js', 420, 438 ]
394 silly gunzTarPerm extractEntry src/ajax/var/rquery.js
395 silly gunzTarPerm modified mode [ 'src/ajax/var/rquery.js', 420, 438 ]
396 silly gunzTarPerm extractEntry src/queue/delay.js
397 silly gunzTarPerm modified mode [ 'src/queue/delay.js', 420, 438 ]
398 silly gunzTarPerm extractEntry src/event/ajax.js
399 silly gunzTarPerm modified mode [ 'src/event/ajax.js', 420, 438 ]
400 silly gunzTarPerm extractEntry src/event/alias.js
401 silly gunzTarPerm modified mode [ 'src/event/alias.js', 420, 438 ]
402 silly gunzTarPerm extractEntry src/arrays/variance.js
403 silly gunzTarPerm modified mode [ 'src/arrays/variance.js', 420, 438 ]
404 silly gunzTarPerm extractEntry src/arrays/bisect.js
405 silly gunzTarPerm modified mode [ 'src/arrays/bisect.js', 420, 438 ]
406 silly gunzTarPerm extractEntry src/event/focusin.js
407 silly gunzTarPerm modified mode [ 'src/event/focusin.js', 420, 438 ]
408 silly gunzTarPerm extractEntry src/event/support.js
409 silly gunzTarPerm modified mode [ 'src/event/support.js', 420, 438 ]
410 silly gunzTarPerm extractEntry src/arrays/zip.js
411 silly gunzTarPerm modified mode [ 'src/arrays/zip.js', 420, 438 ]
412 silly gunzTarPerm extractEntry src/arrays/min.js
413 silly gunzTarPerm modified mode [ 'src/arrays/min.js', 420, 438 ]
414 silly gunzTarPerm extractEntry src/event/trigger.js
415 silly gunzTarPerm modified mode [ 'src/event/trigger.js', 420, 438 ]
416 silly gunzTarPerm extractEntry src/effects/Tween.js
417 silly gunzTarPerm modified mode [ 'src/effects/Tween.js', 420, 438 ]
418 silly gunzTarPerm extractEntry src/effects/animatedSelector.js
419 silly gunzTarPerm modified mode [ 'src/effects/animatedSelector.js', 420, 438 ]
420 silly gunzTarPerm extractEntry src/exports/amd.js
421 silly gunzTarPerm modified mode [ 'src/exports/amd.js', 420, 438 ]
422 silly gunzTarPerm extractEntry src/dsv/csv.js
423 silly gunzTarPerm modified mode [ 'src/dsv/csv.js', 420, 438 ]
424 silly gunzTarPerm extractEntry src/dsv/dsv.js
425 silly gunzTarPerm modified mode [ 'src/dsv/dsv.js', 420, 438 ]
426 silly gunzTarPerm extractEntry src/dsv/index.js
427 silly gunzTarPerm modified mode [ 'src/dsv/index.js', 420, 438 ]
428 silly gunzTarPerm extractEntry src/dsv/tsv.js
429 silly gunzTarPerm modified mode [ 'src/dsv/tsv.js', 420, 438 ]
430 silly gunzTarPerm extractEntry src/exports/global.js
431 silly gunzTarPerm modified mode [ 'src/exports/global.js', 420, 438 ]
432 silly gunzTarPerm extractEntry src/css/addGetHookIf.js
433 silly gunzTarPerm modified mode [ 'src/css/addGetHookIf.js', 420, 438 ]
434 silly gunzTarPerm extractEntry src/css/adjustCSS.js
435 silly gunzTarPerm modified mode [ 'src/css/adjustCSS.js', 420, 438 ]
436 silly gunzTarPerm extractEntry src/css/curCSS.js
437 silly gunzTarPerm modified mode [ 'src/css/curCSS.js', 420, 438 ]
438 silly gunzTarPerm extractEntry src/color/color.js
439 silly gunzTarPerm modified mode [ 'src/color/color.js', 420, 438 ]
440 silly gunzTarPerm extractEntry src/color/hcl.js
441 silly gunzTarPerm modified mode [ 'src/color/hcl.js', 420, 438 ]
442 silly gunzTarPerm extractEntry src/css/defaultDisplay.js
443 silly gunzTarPerm modified mode [ 'src/css/defaultDisplay.js', 420, 438 ]
444 silly gunzTarPerm extractEntry src/css/hiddenVisibleSelectors.js
445 silly gunzTarPerm modified mode [ 'src/css/hiddenVisibleSelectors.js', 420, 438 ]
446 silly gunzTarPerm extractEntry src/color/hsl.js
447 silly gunzTarPerm modified mode [ 'src/color/hsl.js', 420, 438 ]
448 silly gunzTarPerm extractEntry src/color/index.js
449 silly gunzTarPerm modified mode [ 'src/color/index.js', 420, 438 ]
450 silly gunzTarPerm extractEntry src/css/showHide.js
451 silly gunzTarPerm modified mode [ 'src/css/showHide.js', 420, 438 ]
452 silly gunzTarPerm extractEntry src/css/support.js
453 silly gunzTarPerm modified mode [ 'src/css/support.js', 420, 438 ]
454 silly gunzTarPerm extractEntry src/color/lab.js
455 silly gunzTarPerm modified mode [ 'src/color/lab.js', 420, 438 ]
456 silly gunzTarPerm extractEntry src/color/rgb.js
457 silly gunzTarPerm modified mode [ 'src/color/rgb.js', 420, 438 ]
458 silly gunzTarPerm extractEntry src/css/var/cssExpand.js
459 silly gunzTarPerm modified mode [ 'src/css/var/cssExpand.js', 420, 438 ]
460 silly gunzTarPerm extractEntry src/css/var/getStyles.js
461 silly gunzTarPerm modified mode [ 'src/css/var/getStyles.js', 420, 438 ]
462 silly gunzTarPerm extractEntry src/color/xyz.js
463 silly gunzTarPerm modified mode [ 'src/color/xyz.js', 420, 438 ]
464 silly gunzTarPerm extractEntry src/event/dispatch.js
465 silly gunzTarPerm modified mode [ 'src/event/dispatch.js', 420, 438 ]
466 silly gunzTarPerm extractEntry src/css/var/isHidden.js
467 silly gunzTarPerm modified mode [ 'src/css/var/isHidden.js', 420, 438 ]
468 silly gunzTarPerm extractEntry src/css/var/rmargin.js
469 silly gunzTarPerm modified mode [ 'src/css/var/rmargin.js', 420, 438 ]
470 silly gunzTarPerm extractEntry src/event/drag.js
471 silly gunzTarPerm modified mode [ 'src/event/drag.js', 420, 438 ]
472 silly gunzTarPerm extractEntry src/event/event.js
473 silly gunzTarPerm modified mode [ 'src/event/event.js', 420, 438 ]
474 silly gunzTarPerm extractEntry src/css/var/rnumnonpx.js
475 silly gunzTarPerm modified mode [ 'src/css/var/rnumnonpx.js', 420, 438 ]
476 silly gunzTarPerm extractEntry src/css/var/swap.js
477 silly gunzTarPerm modified mode [ 'src/css/var/swap.js', 420, 438 ]
478 silly gunzTarPerm extractEntry src/event/index.js
479 silly gunzTarPerm modified mode [ 'src/event/index.js', 420, 438 ]
480 silly gunzTarPerm extractEntry src/event/mouse.js
481 silly gunzTarPerm modified mode [ 'src/event/mouse.js', 420, 438 ]
482 silly gunzTarPerm extractEntry src/core/access.js
483 silly gunzTarPerm modified mode [ 'src/core/access.js', 420, 438 ]
484 silly gunzTarPerm extractEntry src/core/init.js
485 silly gunzTarPerm modified mode [ 'src/core/init.js', 420, 438 ]
486 silly gunzTarPerm extractEntry src/core/parseHTML.js
487 silly gunzTarPerm modified mode [ 'src/core/parseHTML.js', 420, 438 ]
488 silly gunzTarPerm extractEntry src/core/ready.js
489 silly gunzTarPerm modified mode [ 'src/core/ready.js', 420, 438 ]
490 silly gunzTarPerm extractEntry src/core/var/rsingleTag.js
491 silly gunzTarPerm modified mode [ 'src/core/var/rsingleTag.js', 420, 438 ]
492 silly gunzTarPerm extractEntry src/traversing/findFilter.js
493 silly gunzTarPerm modified mode [ 'src/traversing/findFilter.js', 420, 438 ]
494 silly gunzTarPerm extractEntry src/traversing/var/dir.js
495 silly gunzTarPerm modified mode [ 'src/traversing/var/dir.js', 420, 438 ]
496 silly gunzTarPerm extractEntry src/traversing/var/rneedsContext.js
497 silly gunzTarPerm modified mode [ 'src/traversing/var/rneedsContext.js', 420, 438 ]
498 silly gunzTarPerm extractEntry src/traversing/var/siblings.js
499 silly gunzTarPerm modified mode [ 'src/traversing/var/siblings.js', 420, 438 ]
500 silly gunzTarPerm extractEntry src/attributes/attr.js
501 silly gunzTarPerm modified mode [ 'src/attributes/attr.js', 420, 438 ]
502 silly gunzTarPerm extractEntry src/attributes/classes.js
503 silly gunzTarPerm modified mode [ 'src/attributes/classes.js', 420, 438 ]
504 silly gunzTarPerm extractEntry src/attributes/prop.js
505 silly gunzTarPerm modified mode [ 'src/attributes/prop.js', 420, 438 ]
506 silly gunzTarPerm extractEntry src/attributes/support.js
507 silly gunzTarPerm modified mode [ 'src/attributes/support.js', 420, 438 ]
508 silly gunzTarPerm extractEntry src/attributes/val.js
509 silly gunzTarPerm modified mode [ 'src/attributes/val.js', 420, 438 ]
510 silly gunzTarPerm extractEntry src/var/arr.js
511 silly gunzTarPerm modified mode [ 'src/var/arr.js', 420, 438 ]
512 silly gunzTarPerm extractEntry src/var/document.js
513 silly gunzTarPerm modified mode [ 'src/var/document.js', 420, 438 ]
514 silly gunzTarPerm extractEntry src/var/documentElement.js
515 silly gunzTarPerm modified mode [ 'src/var/documentElement.js', 420, 438 ]
516 silly gunzTarPerm extractEntry src/var/hasOwn.js
517 silly gunzTarPerm modified mode [ 'src/var/hasOwn.js', 420, 438 ]
518 silly gunzTarPerm extractEntry src/var/indexOf.js
519 silly gunzTarPerm modified mode [ 'src/var/indexOf.js', 420, 438 ]
520 silly gunzTarPerm extractEntry src/var/concat.js
521 silly gunzTarPerm modified mode [ 'src/var/concat.js', 420, 438 ]
522 silly gunzTarPerm extractEntry src/var/push.js
523 silly gunzTarPerm modified mode [ 'src/var/push.js', 420, 438 ]
524 silly gunzTarPerm extractEntry src/var/rcssNum.js
525 silly gunzTarPerm modified mode [ 'src/var/rcssNum.js', 420, 438 ]
526 silly gunzTarPerm extractEntry src/var/rnotwhite.js
527 silly gunzTarPerm modified mode [ 'src/var/rnotwhite.js', 420, 438 ]
528 silly gunzTarPerm extractEntry src/var/slice.js
529 silly gunzTarPerm modified mode [ 'src/var/slice.js', 420, 438 ]
530 silly gunzTarPerm extractEntry src/var/support.js
531 silly gunzTarPerm modified mode [ 'src/var/support.js', 420, 438 ]
532 silly gunzTarPerm extractEntry src/var/class2type.js
533 silly gunzTarPerm modified mode [ 'src/var/class2type.js', 420, 438 ]
534 silly gunzTarPerm extractEntry src/var/toString.js
535 silly gunzTarPerm modified mode [ 'src/var/toString.js', 420, 438 ]
536 silly gunzTarPerm extractEntry src/var/pnum.js
537 silly gunzTarPerm modified mode [ 'src/var/pnum.js', 420, 438 ]
538 silly gunzTarPerm extractEntry src/.jshintrc
539 silly gunzTarPerm modified mode [ 'src/.jshintrc', 420, 438 ]
540 silly gunzTarPerm extractEntry src/event/timer.js
541 silly gunzTarPerm modified mode [ 'src/event/timer.js', 420, 438 ]
542 silly gunzTarPerm extractEntry src/event/touch.js
543 silly gunzTarPerm modified mode [ 'src/event/touch.js', 420, 438 ]
544 silly gunzTarPerm extractEntry src/event/touches.js
545 silly gunzTarPerm modified mode [ 'src/event/touches.js', 420, 438 ]
546 silly gunzTarPerm extractEntry src/format/collapse.js
547 silly gunzTarPerm modified mode [ 'src/format/collapse.js', 420, 438 ]
548 silly gunzTarPerm extractEntry src/format/format.js
549 silly gunzTarPerm modified mode [ 'src/format/format.js', 420, 438 ]
550 silly gunzTarPerm extractEntry src/format/formatPrefix.js
551 silly gunzTarPerm modified mode [ 'src/format/formatPrefix.js', 420, 438 ]
552 silly gunzTarPerm extractEntry src/format/index.js
553 silly gunzTarPerm modified mode [ 'src/format/index.js', 420, 438 ]
554 silly gunzTarPerm extractEntry src/format/precision.js
555 silly gunzTarPerm modified mode [ 'src/format/precision.js', 420, 438 ]
556 silly gunzTarPerm extractEntry src/format/requote.js
557 silly gunzTarPerm modified mode [ 'src/format/requote.js', 420, 438 ]
558 silly gunzTarPerm extractEntry src/format/round.js
559 silly gunzTarPerm modified mode [ 'src/format/round.js', 420, 438 ]
560 silly gunzTarPerm extractEntry src/geo/albers-usa.js
561 silly gunzTarPerm modified mode [ 'src/geo/albers-usa.js', 420, 438 ]
562 silly gunzTarPerm extractEntry src/geo/conic.js
563 silly gunzTarPerm modified mode [ 'src/geo/conic.js', 420, 438 ]
564 silly gunzTarPerm extractEntry src/geo/distance.js
565 silly gunzTarPerm modified mode [ 'src/geo/distance.js', 420, 438 ]
566 silly gunzTarPerm extractEntry src/geo/equirectangular.js
567 silly gunzTarPerm modified mode [ 'src/geo/equirectangular.js', 420, 438 ]
568 silly gunzTarPerm extractEntry src/geo/geo.js
569 silly gunzTarPerm modified mode [ 'src/geo/geo.js', 420, 438 ]
570 silly gunzTarPerm extractEntry src/geo/conic-equidistant.js
571 silly gunzTarPerm modified mode [ 'src/geo/conic-equidistant.js', 420, 438 ]
572 silly gunzTarPerm extractEntry src/geo/graticule.js
573 silly gunzTarPerm modified mode [ 'src/geo/graticule.js', 420, 438 ]
574 silly gunzTarPerm extractEntry src/geo/greatArc.js
575 silly gunzTarPerm modified mode [ 'src/geo/greatArc.js', 420, 438 ]
576 silly gunzTarPerm extractEntry src/geo/index.js
577 silly gunzTarPerm modified mode [ 'src/geo/index.js', 420, 438 ]
578 silly gunzTarPerm extractEntry src/geo/interpolate.js
579 silly gunzTarPerm modified mode [ 'src/geo/interpolate.js', 420, 438 ]
580 silly gunzTarPerm extractEntry src/geo/length.js
581 silly gunzTarPerm modified mode [ 'src/geo/length.js', 420, 438 ]
582 silly gunzTarPerm extractEntry src/geo/conic-equal-area.js
583 silly gunzTarPerm modified mode [ 'src/geo/conic-equal-area.js', 420, 438 ]
584 silly gunzTarPerm extractEntry src/geo/mercator.js
585 silly gunzTarPerm modified mode [ 'src/geo/mercator.js', 420, 438 ]
586 silly gunzTarPerm extractEntry src/geo/conic-conformal.js
587 silly gunzTarPerm modified mode [ 'src/geo/conic-conformal.js', 420, 438 ]
588 silly gunzTarPerm extractEntry src/geo/orthographic.js
589 silly gunzTarPerm modified mode [ 'src/geo/orthographic.js', 420, 438 ]
590 silly gunzTarPerm extractEntry src/geo/compose.js
591 silly gunzTarPerm modified mode [ 'src/geo/compose.js', 420, 438 ]
592 silly gunzTarPerm extractEntry src/geo/path-area.js
593 silly gunzTarPerm modified mode [ 'src/geo/path-area.js', 420, 438 ]
594 silly gunzTarPerm extractEntry src/geo/clip.js
595 silly gunzTarPerm modified mode [ 'src/geo/clip.js', 420, 438 ]
596 silly gunzTarPerm extractEntry src/geo/path-bounds.js
597 silly gunzTarPerm modified mode [ 'src/geo/path-bounds.js', 420, 438 ]
598 silly gunzTarPerm extractEntry src/geo/clip-polygon.js
599 silly gunzTarPerm modified mode [ 'src/geo/clip-polygon.js', 420, 438 ]
600 silly gunzTarPerm extractEntry src/geo/path-buffer.js
601 silly gunzTarPerm modified mode [ 'src/geo/path-buffer.js', 420, 438 ]
602 silly gunzTarPerm extractEntry src/geo/clip-extent.js
603 silly gunzTarPerm modified mode [ 'src/geo/clip-extent.js', 420, 438 ]
604 silly gunzTarPerm extractEntry src/geo/path-centroid.js
605 silly gunzTarPerm modified mode [ 'src/geo/path-centroid.js', 420, 438 ]
606 silly gunzTarPerm extractEntry src/geo/clip-circle.js
607 silly gunzTarPerm modified mode [ 'src/geo/clip-circle.js', 420, 438 ]
608 silly gunzTarPerm extractEntry src/geo/path-context.js
609 silly gunzTarPerm modified mode [ 'src/geo/path-context.js', 420, 438 ]
610 silly gunzTarPerm extractEntry src/geo/clip-antimeridian.js
611 silly gunzTarPerm modified mode [ 'src/geo/clip-antimeridian.js', 420, 438 ]
612 silly gunzTarPerm extractEntry src/geo/path.js
613 silly gunzTarPerm modified mode [ 'src/geo/path.js', 420, 438 ]
614 silly gunzTarPerm extractEntry src/geo/circle.js
615 silly gunzTarPerm modified mode [ 'src/geo/circle.js', 420, 438 ]
616 silly gunzTarPerm extractEntry src/geo/point-in-polygon.js
617 silly gunzTarPerm modified mode [ 'src/geo/point-in-polygon.js', 420, 438 ]
618 silly gunzTarPerm extractEntry src/geo/centroid.js
619 silly gunzTarPerm modified mode [ 'src/geo/centroid.js', 420, 438 ]
620 silly gunzTarPerm extractEntry src/geo/projection.js
621 silly gunzTarPerm modified mode [ 'src/geo/projection.js', 420, 438 ]
622 silly gunzTarPerm extractEntry src/geo/cartesian.js
623 silly gunzTarPerm modified mode [ 'src/geo/cartesian.js', 420, 438 ]
624 silly gunzTarPerm extractEntry src/geo/resample.js
625 silly gunzTarPerm modified mode [ 'src/geo/resample.js', 420, 438 ]
626 silly gunzTarPerm extractEntry src/geo/bounds.js
627 silly gunzTarPerm modified mode [ 'src/geo/bounds.js', 420, 438 ]
628 silly gunzTarPerm extractEntry src/geo/rotation.js
629 silly gunzTarPerm modified mode [ 'src/geo/rotation.js', 420, 438 ]
630 silly gunzTarPerm extractEntry src/geo/azimuthal.js
631 silly gunzTarPerm modified mode [ 'src/geo/azimuthal.js', 420, 438 ]
632 silly gunzTarPerm extractEntry src/geo/spherical.js
633 silly gunzTarPerm modified mode [ 'src/geo/spherical.js', 420, 438 ]
634 silly gunzTarPerm extractEntry src/geo/azimuthal-equidistant.js
635 silly gunzTarPerm modified mode [ 'src/geo/azimuthal-equidistant.js', 420, 438 ]
636 silly gunzTarPerm extractEntry src/geo/stereographic.js
637 silly gunzTarPerm modified mode [ 'src/geo/stereographic.js', 420, 438 ]
638 silly gunzTarPerm extractEntry src/geo/azimuthal-equal-area.js
639 silly gunzTarPerm modified mode [ 'src/geo/azimuthal-equal-area.js', 420, 438 ]
640 silly gunzTarPerm extractEntry src/geo/stream.js
641 silly gunzTarPerm modified mode [ 'src/geo/stream.js', 420, 438 ]
642 silly gunzTarPerm extractEntry src/geo/area.js
643 silly gunzTarPerm modified mode [ 'src/geo/area.js', 420, 438 ]
644 silly gunzTarPerm extractEntry src/geo/transform.js
645 silly gunzTarPerm modified mode [ 'src/geo/transform.js', 420, 438 ]
646 silly gunzTarPerm extractEntry src/geo/albers.js
647 silly gunzTarPerm modified mode [ 'src/geo/albers.js', 420, 438 ]
648 silly gunzTarPerm extractEntry src/geo/transverse-mercator.js
649 silly gunzTarPerm modified mode [ 'src/geo/transverse-mercator.js', 420, 438 ]
650 silly gunzTarPerm extractEntry src/geo/gnomonic.js
651 silly gunzTarPerm modified mode [ 'src/geo/gnomonic.js', 420, 438 ]
652 silly gunzTarPerm extractEntry src/behavior/behavior.js
653 silly gunzTarPerm modified mode [ 'src/behavior/behavior.js', 420, 438 ]
654 silly gunzTarPerm extractEntry src/behavior/drag.js
655 silly gunzTarPerm modified mode [ 'src/behavior/drag.js', 420, 438 ]
656 silly gunzTarPerm extractEntry src/behavior/index.js
657 silly gunzTarPerm modified mode [ 'src/behavior/index.js', 420, 438 ]
658 silly gunzTarPerm extractEntry src/behavior/zoom.js
659 silly gunzTarPerm modified mode [ 'src/behavior/zoom.js', 420, 438 ]
660 silly gunzTarPerm extractEntry src/interpolate/array.js
661 silly gunzTarPerm modified mode [ 'src/interpolate/array.js', 420, 438 ]
662 silly gunzTarPerm extractEntry src/interpolate/index.js
663 silly gunzTarPerm modified mode [ 'src/interpolate/index.js', 420, 438 ]
664 silly gunzTarPerm extractEntry src/interpolate/interpolate.js
665 silly gunzTarPerm modified mode [ 'src/interpolate/interpolate.js', 420, 438 ]
666 silly gunzTarPerm extractEntry src/interpolate/lab.js
667 silly gunzTarPerm modified mode [ 'src/interpolate/lab.js', 420, 438 ]
668 silly gunzTarPerm extractEntry src/interpolate/hsl.js
669 silly gunzTarPerm modified mode [ 'src/interpolate/hsl.js', 420, 438 ]
670 silly gunzTarPerm extractEntry src/interpolate/object.js
671 silly gunzTarPerm modified mode [ 'src/interpolate/object.js', 420, 438 ]
672 silly gunzTarPerm extractEntry src/interpolate/rgb.js
673 silly gunzTarPerm modified mode [ 'src/interpolate/rgb.js', 420, 438 ]
674 silly gunzTarPerm extractEntry src/interpolate/round.js
675 silly gunzTarPerm modified mode [ 'src/interpolate/round.js', 420, 438 ]
676 silly gunzTarPerm extractEntry src/interpolate/string.js
677 silly gunzTarPerm modified mode [ 'src/interpolate/string.js', 420, 438 ]
678 silly gunzTarPerm extractEntry src/interpolate/transform.js
679 silly gunzTarPerm modified mode [ 'src/interpolate/transform.js', 420, 438 ]
680 silly gunzTarPerm extractEntry src/interpolate/hcl.js
681 silly gunzTarPerm modified mode [ 'src/interpolate/hcl.js', 420, 438 ]
682 silly gunzTarPerm extractEntry src/interpolate/uninterpolate.js
683 silly gunzTarPerm modified mode [ 'src/interpolate/uninterpolate.js', 420, 438 ]
684 silly gunzTarPerm extractEntry src/interpolate/ease.js
685 silly gunzTarPerm modified mode [ 'src/interpolate/ease.js', 420, 438 ]
686 silly gunzTarPerm extractEntry src/interpolate/zoom.js
687 silly gunzTarPerm modified mode [ 'src/interpolate/zoom.js', 420, 438 ]
688 silly gunzTarPerm extractEntry src/interpolate/number.js
689 silly gunzTarPerm modified mode [ 'src/interpolate/number.js', 420, 438 ]
690 silly gunzTarPerm extractEntry src/layout/bundle.js
691 silly gunzTarPerm modified mode [ 'src/layout/bundle.js', 420, 438 ]
692 silly gunzTarPerm extractEntry src/layout/force.js
693 silly gunzTarPerm modified mode [ 'src/layout/force.js', 420, 438 ]
694 silly gunzTarPerm extractEntry src/layout/hierarchy.js
695 silly gunzTarPerm modified mode [ 'src/layout/hierarchy.js', 420, 438 ]
696 silly gunzTarPerm extractEntry src/layout/histogram.js
697 silly gunzTarPerm modified mode [ 'src/layout/histogram.js', 420, 438 ]
698 silly gunzTarPerm extractEntry src/layout/index.js
699 silly gunzTarPerm modified mode [ 'src/layout/index.js', 420, 438 ]
700 silly gunzTarPerm extractEntry src/layout/cluster.js
701 silly gunzTarPerm modified mode [ 'src/layout/cluster.js', 420, 438 ]
702 silly gunzTarPerm extractEntry src/layout/pack.js
703 silly gunzTarPerm modified mode [ 'src/layout/pack.js', 420, 438 ]
704 silly gunzTarPerm extractEntry src/layout/partition.js
705 silly gunzTarPerm modified mode [ 'src/layout/partition.js', 420, 438 ]
706 silly gunzTarPerm extractEntry src/layout/pie.js
707 silly gunzTarPerm modified mode [ 'src/layout/pie.js', 420, 438 ]
708 silly gunzTarPerm extractEntry src/layout/stack.js
709 silly gunzTarPerm modified mode [ 'src/layout/stack.js', 420, 438 ]
710 silly gunzTarPerm extractEntry src/layout/tree.js
711 silly gunzTarPerm modified mode [ 'src/layout/tree.js', 420, 438 ]
712 silly gunzTarPerm extractEntry src/layout/chord.js
713 silly gunzTarPerm modified mode [ 'src/layout/chord.js', 420, 438 ]
714 silly gunzTarPerm extractEntry src/layout/treemap.js
715 silly gunzTarPerm modified mode [ 'src/layout/treemap.js', 420, 438 ]
716 silly gunzTarPerm extractEntry src/layout/layout.js
717 silly gunzTarPerm modified mode [ 'src/layout/layout.js', 420, 438 ]
718 silly gunzTarPerm extractEntry src/locale/ca-ES.js
719 silly gunzTarPerm modified mode [ 'src/locale/ca-ES.js', 420, 438 ]
720 silly gunzTarPerm extractEntry src/locale/fr-FR.js
721 silly gunzTarPerm modified mode [ 'src/locale/fr-FR.js', 420, 438 ]
722 silly gunzTarPerm extractEntry src/locale/he-IL.js
723 silly gunzTarPerm modified mode [ 'src/locale/he-IL.js', 420, 438 ]
724 silly gunzTarPerm extractEntry src/locale/hu-HU.js
725 silly gunzTarPerm modified mode [ 'src/locale/hu-HU.js', 420, 438 ]
726 silly gunzTarPerm extractEntry src/locale/it-IT.js
727 silly gunzTarPerm modified mode [ 'src/locale/it-IT.js', 420, 438 ]
728 silly gunzTarPerm extractEntry src/locale/fr-CA.js
729 silly gunzTarPerm modified mode [ 'src/locale/fr-CA.js', 420, 438 ]
730 silly gunzTarPerm extractEntry src/locale/ko-KR.js
731 silly gunzTarPerm modified mode [ 'src/locale/ko-KR.js', 420, 438 ]
732 silly gunzTarPerm extractEntry src/locale/locale.js
733 silly gunzTarPerm modified mode [ 'src/locale/locale.js', 420, 438 ]
734 silly gunzTarPerm extractEntry src/locale/mk-MK.js
735 silly gunzTarPerm modified mode [ 'src/locale/mk-MK.js', 420, 438 ]
736 silly gunzTarPerm extractEntry src/locale/nl-NL.js
737 silly gunzTarPerm modified mode [ 'src/locale/nl-NL.js', 420, 438 ]
738 silly gunzTarPerm extractEntry src/locale/number-format.js
739 silly gunzTarPerm modified mode [ 'src/locale/number-format.js', 420, 438 ]
740 silly gunzTarPerm extractEntry src/locale/fi-FI.js
741 silly gunzTarPerm modified mode [ 'src/locale/fi-FI.js', 420, 438 ]
742 silly gunzTarPerm extractEntry src/locale/pl-PL.js
743 silly gunzTarPerm modified mode [ 'src/locale/pl-PL.js', 420, 438 ]
744 silly gunzTarPerm extractEntry src/locale/es-ES.js
745 silly gunzTarPerm modified mode [ 'src/locale/es-ES.js', 420, 438 ]
746 silly gunzTarPerm extractEntry src/locale/pt-BR.js
747 silly gunzTarPerm modified mode [ 'src/locale/pt-BR.js', 420, 438 ]
748 silly gunzTarPerm extractEntry src/locale/en-US.js
749 silly gunzTarPerm modified mode [ 'src/locale/en-US.js', 420, 438 ]
750 silly gunzTarPerm extractEntry src/locale/ru-RU.js
751 silly gunzTarPerm modified mode [ 'src/locale/ru-RU.js', 420, 438 ]
752 silly gunzTarPerm extractEntry src/locale/en-GB.js
753 silly gunzTarPerm modified mode [ 'src/locale/en-GB.js', 420, 438 ]
754 silly gunzTarPerm extractEntry src/locale/sv-SE.js
755 silly gunzTarPerm modified mode [ 'src/locale/sv-SE.js', 420, 438 ]
756 silly gunzTarPerm extractEntry src/locale/en-CA.js
757 silly gunzTarPerm modified mode [ 'src/locale/en-CA.js', 420, 438 ]
758 silly gunzTarPerm extractEntry src/locale/time-format.js
759 silly gunzTarPerm modified mode [ 'src/locale/time-format.js', 420, 438 ]
760 silly gunzTarPerm extractEntry src/locale/de-DE.js
761 silly gunzTarPerm modified mode [ 'src/locale/de-DE.js', 420, 438 ]
762 silly gunzTarPerm extractEntry src/locale/time-scale.js
763 silly gunzTarPerm modified mode [ 'src/locale/time-scale.js', 420, 438 ]
764 silly gunzTarPerm extractEntry src/locale/de-CH.js
765 silly gunzTarPerm modified mode [ 'src/locale/de-CH.js', 420, 438 ]
766 silly gunzTarPerm extractEntry src/locale/zh-CN.js
767 silly gunzTarPerm modified mode [ 'src/locale/zh-CN.js', 420, 438 ]
768 silly gunzTarPerm extractEntry src/locale/ja-JP.js
769 silly gunzTarPerm modified mode [ 'src/locale/ja-JP.js', 420, 438 ]
770 silly gunzTarPerm extractEntry src/math/abs.js
771 silly gunzTarPerm modified mode [ 'src/math/abs.js', 420, 438 ]
772 silly gunzTarPerm extractEntry src/math/adder.js
773 silly gunzTarPerm modified mode [ 'src/math/adder.js', 420, 438 ]
774 silly gunzTarPerm extractEntry src/math/index.js
775 silly gunzTarPerm modified mode [ 'src/math/index.js', 420, 438 ]
776 silly gunzTarPerm extractEntry src/math/number.js
777 silly gunzTarPerm modified mode [ 'src/math/number.js', 420, 438 ]
778 silly gunzTarPerm extractEntry src/math/random.js
779 silly gunzTarPerm modified mode [ 'src/math/random.js', 420, 438 ]
780 silly gunzTarPerm extractEntry src/math/transform.js
781 silly gunzTarPerm modified mode [ 'src/math/transform.js', 420, 438 ]
782 silly gunzTarPerm extractEntry src/math/trigonometry.js
783 silly gunzTarPerm modified mode [ 'src/math/trigonometry.js', 420, 438 ]
784 silly gunzTarPerm extractEntry src/scale/bilinear.js
785 silly gunzTarPerm modified mode [ 'src/scale/bilinear.js', 420, 438 ]
786 silly gunzTarPerm extractEntry src/scale/linear.js
787 silly gunzTarPerm modified mode [ 'src/scale/linear.js', 420, 438 ]
788 silly gunzTarPerm extractEntry src/scale/log.js
789 silly gunzTarPerm modified mode [ 'src/scale/log.js', 420, 438 ]
790 silly gunzTarPerm extractEntry src/scale/nice.js
791 silly gunzTarPerm modified mode [ 'src/scale/nice.js', 420, 438 ]
792 silly gunzTarPerm extractEntry src/scale/index.js
793 silly gunzTarPerm modified mode [ 'src/scale/index.js', 420, 438 ]
794 silly gunzTarPerm extractEntry src/scale/polylinear.js
795 silly gunzTarPerm modified mode [ 'src/scale/polylinear.js', 420, 438 ]
796 silly gunzTarPerm extractEntry src/scale/pow.js
797 silly gunzTarPerm modified mode [ 'src/scale/pow.js', 420, 438 ]
798 silly gunzTarPerm extractEntry src/scale/quantile.js
799 silly gunzTarPerm modified mode [ 'src/scale/quantile.js', 420, 438 ]
800 silly gunzTarPerm extractEntry src/scale/quantize.js
801 silly gunzTarPerm modified mode [ 'src/scale/quantize.js', 420, 438 ]
802 silly gunzTarPerm extractEntry src/scale/scale.js
803 silly gunzTarPerm modified mode [ 'src/scale/scale.js', 420, 438 ]
804 silly gunzTarPerm extractEntry src/scale/identity.js
805 silly gunzTarPerm modified mode [ 'src/scale/identity.js', 420, 438 ]
806 silly gunzTarPerm extractEntry src/scale/sqrt.js
807 silly gunzTarPerm modified mode [ 'src/scale/sqrt.js', 420, 438 ]
808 silly gunzTarPerm extractEntry src/scale/category.js
809 silly gunzTarPerm modified mode [ 'src/scale/category.js', 420, 438 ]
810 silly gunzTarPerm extractEntry src/scale/threshold.js
811 silly gunzTarPerm modified mode [ 'src/scale/threshold.js', 420, 438 ]
812 silly gunzTarPerm extractEntry src/scale/ordinal.js
813 silly gunzTarPerm modified mode [ 'src/scale/ordinal.js', 420, 438 ]
814 silly gunzTarPerm extractEntry src/selection/append.js
815 silly gunzTarPerm modified mode [ 'src/selection/append.js', 420, 438 ]
816 silly gunzTarPerm extractEntry src/selection/filter.js
817 silly gunzTarPerm modified mode [ 'src/selection/filter.js', 420, 438 ]
818 silly gunzTarPerm extractEntry src/selection/html.js
819 silly gunzTarPerm modified mode [ 'src/selection/html.js', 420, 438 ]
820 silly gunzTarPerm extractEntry src/selection/index.js
821 silly gunzTarPerm modified mode [ 'src/selection/index.js', 420, 438 ]
822 silly gunzTarPerm extractEntry src/selection/enter.js
823 silly gunzTarPerm modified mode [ 'src/selection/enter.js', 420, 438 ]
824 silly gunzTarPerm extractEntry src/selection/interrupt.js
825 silly gunzTarPerm modified mode [ 'src/selection/interrupt.js', 420, 438 ]
826 silly gunzTarPerm extractEntry src/selection/node.js
827 silly gunzTarPerm modified mode [ 'src/selection/node.js', 420, 438 ]
828 silly gunzTarPerm extractEntry src/selection/on.js
829 silly gunzTarPerm modified mode [ 'src/selection/on.js', 420, 438 ]
830 silly gunzTarPerm extractEntry src/selection/order.js
831 silly gunzTarPerm modified mode [ 'src/selection/order.js', 420, 438 ]
832 silly gunzTarPerm extractEntry src/selection/property.js
833 silly gunzTarPerm modified mode [ 'src/selection/property.js', 420, 438 ]
834 silly gunzTarPerm extractEntry src/selection/enter-select.js
835 silly gunzTarPerm modified mode [ 'src/selection/enter-select.js', 420, 438 ]
836 silly gunzTarPerm extractEntry src/selection/remove.js
837 silly gunzTarPerm modified mode [ 'src/selection/remove.js', 420, 438 ]
838 silly gunzTarPerm extractEntry src/selection/enter-insert.js
839 silly gunzTarPerm modified mode [ 'src/selection/enter-insert.js', 420, 438 ]
840 silly gunzTarPerm extractEntry src/selection/select.js
841 silly gunzTarPerm modified mode [ 'src/selection/select.js', 420, 438 ]
842 silly gunzTarPerm extractEntry src/selection/empty.js
843 silly gunzTarPerm modified mode [ 'src/selection/empty.js', 420, 438 ]
844 silly gunzTarPerm extractEntry src/selection/selectAll.js
845 silly gunzTarPerm modified mode [ 'src/selection/selectAll.js', 420, 438 ]
846 silly gunzTarPerm extractEntry src/selection/each.js
847 silly gunzTarPerm modified mode [ 'src/selection/each.js', 420, 438 ]
848 silly gunzTarPerm extractEntry src/selection/selection.js
849 silly gunzTarPerm modified mode [ 'src/selection/selection.js', 420, 438 ]
850 silly gunzTarPerm extractEntry src/selection/datum.js
851 silly gunzTarPerm modified mode [ 'src/selection/datum.js', 420, 438 ]
852 silly gunzTarPerm extractEntry src/selection/size.js
853 silly gunzTarPerm modified mode [ 'src/selection/size.js', 420, 438 ]
854 silly gunzTarPerm extractEntry src/selection/data.js
855 silly gunzTarPerm modified mode [ 'src/selection/data.js', 420, 438 ]
856 silly gunzTarPerm extractEntry src/selection/sort.js
857 silly gunzTarPerm modified mode [ 'src/selection/sort.js', 420, 438 ]
858 silly gunzTarPerm extractEntry src/selection/classed.js
859 silly gunzTarPerm modified mode [ 'src/selection/classed.js', 420, 438 ]
860 silly gunzTarPerm extractEntry src/selection/style.js
861 silly gunzTarPerm modified mode [ 'src/selection/style.js', 420, 438 ]
862 silly gunzTarPerm extractEntry src/selection/call.js
863 silly gunzTarPerm modified mode [ 'src/selection/call.js', 420, 438 ]
864 silly gunzTarPerm extractEntry src/selection/text.js
865 silly gunzTarPerm modified mode [ 'src/selection/text.js', 420, 438 ]
866 silly gunzTarPerm extractEntry src/selection/attr.js
867 silly gunzTarPerm modified mode [ 'src/selection/attr.js', 420, 438 ]
868 silly gunzTarPerm extractEntry src/selection/transition.js
869 silly gunzTarPerm modified mode [ 'src/selection/transition.js', 420, 438 ]
870 silly gunzTarPerm extractEntry src/selection/insert.js
871 silly gunzTarPerm modified mode [ 'src/selection/insert.js', 420, 438 ]
872 silly gunzTarPerm extractEntry src/compat/array.js
873 silly gunzTarPerm modified mode [ 'src/compat/array.js', 420, 438 ]
874 silly gunzTarPerm extractEntry src/compat/date.js
875 silly gunzTarPerm modified mode [ 'src/compat/date.js', 420, 438 ]
876 silly gunzTarPerm extractEntry src/compat/index.js
877 silly gunzTarPerm modified mode [ 'src/compat/index.js', 420, 438 ]
878 silly gunzTarPerm extractEntry src/compat/style.js
879 silly gunzTarPerm modified mode [ 'src/compat/style.js', 420, 438 ]
880 silly gunzTarPerm extractEntry src/svg/arc.js
881 silly gunzTarPerm modified mode [ 'src/svg/arc.js', 420, 438 ]
882 silly gunzTarPerm extractEntry src/svg/axis.js
883 silly gunzTarPerm modified mode [ 'src/svg/axis.js', 420, 438 ]
884 silly gunzTarPerm extractEntry src/svg/brush.js
885 silly gunzTarPerm modified mode [ 'src/svg/brush.js', 420, 438 ]
886 silly gunzTarPerm extractEntry src/svg/chord.js
887 silly gunzTarPerm modified mode [ 'src/svg/chord.js', 420, 438 ]
888 silly gunzTarPerm extractEntry src/svg/area.js
889 silly gunzTarPerm modified mode [ 'src/svg/area.js', 420, 438 ]
890 silly gunzTarPerm extractEntry src/svg/diagonal.js
891 silly gunzTarPerm modified mode [ 'src/svg/diagonal.js', 420, 438 ]
892 silly gunzTarPerm extractEntry src/svg/index.js
893 silly gunzTarPerm modified mode [ 'src/svg/index.js', 420, 438 ]
894 silly gunzTarPerm extractEntry src/svg/line-radial.js
895 silly gunzTarPerm modified mode [ 'src/svg/line-radial.js', 420, 438 ]
896 silly gunzTarPerm extractEntry src/svg/line.js
897 silly gunzTarPerm modified mode [ 'src/svg/line.js', 420, 438 ]
898 silly gunzTarPerm extractEntry src/svg/svg.js
899 silly gunzTarPerm modified mode [ 'src/svg/svg.js', 420, 438 ]
900 silly gunzTarPerm extractEntry src/svg/area-radial.js
901 silly gunzTarPerm modified mode [ 'src/svg/area-radial.js', 420, 438 ]
902 silly gunzTarPerm extractEntry src/svg/symbol.js
903 silly gunzTarPerm modified mode [ 'src/svg/symbol.js', 420, 438 ]
904 silly gunzTarPerm extractEntry src/svg/diagonal-radial.js
905 silly gunzTarPerm modified mode [ 'src/svg/diagonal-radial.js', 420, 438 ]
906 silly gunzTarPerm extractEntry src/time/day.js
907 silly gunzTarPerm modified mode [ 'src/time/day.js', 420, 438 ]
908 silly gunzTarPerm extractEntry src/time/hour.js
909 silly gunzTarPerm modified mode [ 'src/time/hour.js', 420, 438 ]
910 silly gunzTarPerm extractEntry src/time/index.js
911 silly gunzTarPerm modified mode [ 'src/time/index.js', 420, 438 ]
912 silly gunzTarPerm extractEntry src/time/interval.js
913 silly gunzTarPerm modified mode [ 'src/time/interval.js', 420, 438 ]
914 silly gunzTarPerm extractEntry src/time/format.js
915 silly gunzTarPerm modified mode [ 'src/time/format.js', 420, 438 ]
916 silly gunzTarPerm extractEntry src/time/month.js
917 silly gunzTarPerm modified mode [ 'src/time/month.js', 420, 438 ]
918 silly gunzTarPerm extractEntry src/time/scale-utc.js
919 silly gunzTarPerm modified mode [ 'src/time/scale-utc.js', 420, 438 ]
920 silly gunzTarPerm extractEntry src/time/scale.js
921 silly gunzTarPerm modified mode [ 'src/time/scale.js', 420, 438 ]
922 silly gunzTarPerm extractEntry src/time/second.js
923 silly gunzTarPerm modified mode [ 'src/time/second.js', 420, 438 ]
924 silly gunzTarPerm extractEntry src/time/time.js
925 silly gunzTarPerm modified mode [ 'src/time/time.js', 420, 438 ]
926 silly gunzTarPerm extractEntry src/time/format-utc.js
927 silly gunzTarPerm modified mode [ 'src/time/format-utc.js', 420, 438 ]
928 silly gunzTarPerm extractEntry src/time/week.js
929 silly gunzTarPerm modified mode [ 'src/time/week.js', 420, 438 ]
930 silly gunzTarPerm extractEntry src/time/format-iso.js
931 silly gunzTarPerm modified mode [ 'src/time/format-iso.js', 420, 438 ]
932 silly gunzTarPerm extractEntry src/time/year.js
933 silly gunzTarPerm modified mode [ 'src/time/year.js', 420, 438 ]
934 silly gunzTarPerm extractEntry src/time/minute.js
935 silly gunzTarPerm modified mode [ 'src/time/minute.js', 420, 438 ]
936 silly gunzTarPerm extractEntry src/transition/attr.js
937 silly gunzTarPerm modified mode [ 'src/transition/attr.js', 420, 438 ]
938 silly gunzTarPerm extractEntry src/transition/ease.js
939 silly gunzTarPerm modified mode [ 'src/transition/ease.js', 420, 438 ]
940 silly gunzTarPerm extractEntry src/transition/filter.js
941 silly gunzTarPerm modified mode [ 'src/transition/filter.js', 420, 438 ]
942 silly gunzTarPerm extractEntry src/transition/index.js
943 silly gunzTarPerm modified mode [ 'src/transition/index.js', 420, 438 ]
944 silly gunzTarPerm extractEntry src/transition/each.js
945 silly gunzTarPerm modified mode [ 'src/transition/each.js', 420, 438 ]
946 silly gunzTarPerm extractEntry src/transition/select.js
947 silly gunzTarPerm modified mode [ 'src/transition/select.js', 420, 438 ]
948 silly gunzTarPerm extractEntry src/transition/selectAll.js
949 silly gunzTarPerm modified mode [ 'src/transition/selectAll.js', 420, 438 ]
950 silly gunzTarPerm extractEntry src/transition/style.js
951 silly gunzTarPerm modified mode [ 'src/transition/style.js', 420, 438 ]
952 silly gunzTarPerm extractEntry src/transition/subtransition.js
953 silly gunzTarPerm modified mode [ 'src/transition/subtransition.js', 420, 438 ]
954 silly gunzTarPerm extractEntry src/transition/text.js
955 silly gunzTarPerm modified mode [ 'src/transition/text.js', 420, 438 ]
956 silly gunzTarPerm extractEntry src/transition/duration.js
957 silly gunzTarPerm modified mode [ 'src/transition/duration.js', 420, 438 ]
958 silly gunzTarPerm extractEntry src/transition/transition.js
959 silly gunzTarPerm modified mode [ 'src/transition/transition.js', 420, 438 ]
960 silly gunzTarPerm extractEntry src/transition/delay.js
961 silly gunzTarPerm modified mode [ 'src/transition/delay.js', 420, 438 ]
962 silly gunzTarPerm extractEntry src/transition/tween.js
963 silly gunzTarPerm modified mode [ 'src/transition/tween.js', 420, 438 ]
964 silly gunzTarPerm extractEntry src/transition/remove.js
965 silly gunzTarPerm modified mode [ 'src/transition/remove.js', 420, 438 ]
966 silly gunzTarPerm extractEntry src/xhr/html.js
967 silly gunzTarPerm modified mode [ 'src/xhr/html.js', 420, 438 ]
968 silly gunzTarPerm extractEntry src/xhr/index.js
969 silly gunzTarPerm modified mode [ 'src/xhr/index.js', 420, 438 ]
970 silly gunzTarPerm extractEntry src/xhr/json.js
971 silly gunzTarPerm modified mode [ 'src/xhr/json.js', 420, 438 ]
972 silly gunzTarPerm extractEntry src/xhr/text.js
973 silly gunzTarPerm modified mode [ 'src/xhr/text.js', 420, 438 ]
974 silly gunzTarPerm extractEntry src/xhr/xhr.js
975 silly gunzTarPerm modified mode [ 'src/xhr/xhr.js', 420, 438 ]
976 silly gunzTarPerm extractEntry src/xhr/xml.js
977 silly gunzTarPerm modified mode [ 'src/xhr/xml.js', 420, 438 ]
978 silly gunzTarPerm extractEntry .spmignore
979 silly gunzTarPerm modified mode [ '.spmignore', 420, 438 ]
980 silly gentlyRm C:\xampp\htdocs\devwe\architecture\prototype3\app\node_modules\.staging\jquery-b1313098\node_modules is being purged
981 verbose gentlyRm don't care about contents; nuking C:\xampp\htdocs\devwe\architecture\prototype3\app\node_modules\.staging\jquery-b1313098\node_modules
982 silly gentlyRm C:\xampp\htdocs\devwe\architecture\prototype3\app\node_modules\.staging\d3-b8362a6f\node_modules is being purged
983 verbose gentlyRm don't care about contents; nuking C:\xampp\htdocs\devwe\architecture\prototype3\app\node_modules\.staging\d3-b8362a6f\node_modules
984 silly doParallel preinstall 2
985 silly preinstall d3@3.5.17 C:\xampp\htdocs\devwe\architecture\prototype3\app\node_modules\.staging\d3-b8362a6f
986 info lifecycle d3@3.5.17~preinstall: d3@3.5.17
987 silly preinstall jquery@2.2.4 C:\xampp\htdocs\devwe\architecture\prototype3\app\node_modules\.staging\jquery-b1313098
988 info lifecycle jquery@2.2.4~preinstall: jquery@2.2.4
989 silly lifecycle d3@3.5.17~preinstall: no script for preinstall, continuing
990 silly lifecycle jquery@2.2.4~preinstall: no script for preinstall, continuing
991 silly doReverseSerial remove 0
992 silly doSerial move 0
993 silly doSerial finalize 2
994 silly finalize C:\xampp\htdocs\devwe\architecture\prototype3\app\node_modules\d3
995 silly finalize C:\xampp\htdocs\devwe\architecture\prototype3\app\node_modules\jquery
996 verbose unlock done using C:\Users\Lucas\AppData\Roaming\npm-cache\_locks\staging-3fb9527c4f101366.lock for C:\xampp\htdocs\devwe\architecture\prototype3\app\node_modules\.staging
997 silly rollbackFailedOptional Starting
998 silly rollbackFailedOptional Finishing
999 silly runTopLevelLifecycles Starting
1000 silly runTopLevelLifecycles Finishing
1001 silly install printInstalled
1002 warn optional Skipping failed optional dependency /chokidar/fsevents:
1003 warn notsup Not compatible with your operating system or architecture: fsevents@0.3.0
1004 warn my-project-name@0.1.0 No description
1005 warn my-project-name@0.1.0 No repository field.
1006 warn my-project-name@0.1.0 No license field.
1007 verbose stack Error: EPERM: operation not permitted, rename 'C:\xampp\htdocs\devwe\architecture\prototype3\app\node_modules\jquery' -> 'C:\xampp\htdocs\devwe\architecture\prototype3\app\node_modules\.jquery.DELETE'
1007 verbose stack     at moveAway (C:\Users\Lucas\AppData\Roaming\npm\node_modules\npm\lib\install\action\finalize.js:38:5)
1007 verbose stack     at destStatted (C:\Users\Lucas\AppData\Roaming\npm\node_modules\npm\lib\install\action\finalize.js:27:7)
1007 verbose stack     at FSReqWrap.oncomplete (fs.js:82:15)
1007 verbose stack
1007 verbose stack Error: EPERM: operation not permitted, rename 'C:\xampp\htdocs\devwe\architecture\prototype3\app\node_modules\jquery' -> 'C:\xampp\htdocs\devwe\architecture\prototype3\app\node_modules\.jquery.DELETE'
1007 verbose stack     at Error (native)
1008 verbose cwd C:\xampp\htdocs\devwe\architecture\prototype3\app
1009 error Windows_NT 10.0.10586
1010 error argv "C:\\Program Files (x86)\\nodejs\\node.exe" "C:\\Users\\Lucas\\AppData\\Roaming\\npm\\node_modules\\npm\\bin\\npm-cli.js" "install" "d3" "--save-dev"
1011 error node v4.4.0
1012 error npm  v3.9.2
1013 error path C:\xampp\htdocs\devwe\architecture\prototype3\app\node_modules\jquery
1014 error code EPERM
1015 error errno -4048
1016 error syscall rename
1017 error Error: EPERM: operation not permitted, rename 'C:\xampp\htdocs\devwe\architecture\prototype3\app\node_modules\jquery' -> 'C:\xampp\htdocs\devwe\architecture\prototype3\app\node_modules\.jquery.DELETE'
1017 error     at moveAway (C:\Users\Lucas\AppData\Roaming\npm\node_modules\npm\lib\install\action\finalize.js:38:5)
1017 error     at destStatted (C:\Users\Lucas\AppData\Roaming\npm\node_modules\npm\lib\install\action\finalize.js:27:7)
1017 error     at FSReqWrap.oncomplete (fs.js:82:15)
1017 error
1017 error Error: EPERM: operation not permitted, rename 'C:\xampp\htdocs\devwe\architecture\prototype3\app\node_modules\jquery' -> 'C:\xampp\htdocs\devwe\architecture\prototype3\app\node_modules\.jquery.DELETE'
1017 error     at Error (native)
1017 error  { [Error: EPERM: operation not permitted, rename 'C:\xampp\htdocs\devwe\architecture\prototype3\app\node_modules\jquery' -> 'C:\xampp\htdocs\devwe\architecture\prototype3\app\node_modules\.jquery.DELETE'] parent: 'my-project-name' }
1018 error Please try running this command again as root/Administrator.
1019 verbose exit [ -4048, true ]
